<?xml version="1.0" encoding="UTF-8"?>
<!-- Generated by org.testng.reporters.JUnitXMLReporter -->
<testsuite hostname="MIRHUQUE74C0" ignored="0" name="Zoopla Login Test" tests="1" failures="1" timestamp="06 Feb 2022 18:09:38 GMT" time="9.96" errors="0">
  <testcase name="runScenario" time="7.775" classname="io.cucumber.testng.AbstractTestNGCucumberTests">
    <failure type="java.lang.AssertionError" message="expected [Sign in to Zoopla - Zoopla] but found [Sign in to Zoopla - Zooplas67]">
      <![CDATA[java.lang.AssertionError: expected [Sign in to Zoopla - Zoopla] but found [Sign in to Zoopla - Zooplas67]
at com.stepdefinition.LoginFunction.user_is_able_to_verify_successful_login_verify_page_title(LoginFunction.java:76)
at ✽.User is able to verify successful login & verify page title(file:///C:/Users/mirhuque/eclipse-workspace/Automation_Project/Features/login.feature:13)
... Removed 6 stack frames]]>
    </failure>
  </testcase> <!-- runScenario -->
</testsuite> <!-- Zoopla Login Test -->
