<?xml version="1.0" encoding="UTF-8"?>
<testng-results skipped="0" failed="0" ignored="0" total="1" passed="1">
  <reporter-output>
  </reporter-output>
  <suite name="Suite" duration-ms="9039" started-at="2022-01-02T14:40:08Z" finished-at="2022-01-02T14:40:17Z">
    <groups>
      <group name="cucumber">
        <method signature="AbstractTestNGCucumberTests.runScenario(io.cucumber.testng.PickleWrapper, io.cucumber.testng.FeatureWrapper)[pri:0, instance:com.runner.MyRunner@367ffa75]" name="runScenario" class="io.cucumber.testng.AbstractTestNGCucumberTests"/>
      </group> <!-- cucumber -->
    </groups>
    <test name="Zoopla Login" duration-ms="9039" started-at="2022-01-02T14:40:08Z" finished-at="2022-01-02T14:40:17Z">
      <class name="com.runner.MyRunner">
        <test-method status="PASS" signature="setUpClass()[pri:0, instance:com.runner.MyRunner@367ffa75]" name="setUpClass" is-config="true" duration-ms="617" started-at="2022-01-02T14:40:08Z" finished-at="2022-01-02T14:40:08Z">
          <reporter-output>
          </reporter-output>
        </test-method> <!-- setUpClass -->
        <test-method status="PASS" signature="runScenario(io.cucumber.testng.PickleWrapper, io.cucumber.testng.FeatureWrapper)[pri:0, instance:com.runner.MyRunner@367ffa75]" name="runScenario" duration-ms="8240" started-at="2022-01-02T14:40:08Z" description="Runs Cucumber Scenarios" data-provider="scenarios" finished-at="2022-01-02T14:40:17Z">
          <params>
            <param index="0">
              <value>
                <![CDATA["User login with valid username and verify page title"]]>
              </value>
            </param>
            <param index="1">
              <value>
                <![CDATA["Optional[User is able to login with valid username & password]"]]>
              </value>
            </param>
          </params>
          <reporter-output>
          </reporter-output>
        </test-method> <!-- runScenario -->
        <test-method status="PASS" signature="tearDownClass()[pri:0, instance:com.runner.MyRunner@367ffa75]" name="tearDownClass" is-config="true" duration-ms="141" started-at="2022-01-02T14:40:17Z" finished-at="2022-01-02T14:40:17Z">
          <reporter-output>
          </reporter-output>
        </test-method> <!-- tearDownClass -->
      </class> <!-- com.runner.MyRunner -->
    </test> <!-- Zoopla Login -->
  </suite> <!-- Suite -->
</testng-results>
